<?xml version="1.0" encoding="UTF-8"?>
<coverage generated="1691780995450" clover="3.2.0">
  <project timestamp="1691780995450" name="All files">
    <metrics statements="8" coveredstatements="8" conditionals="4" coveredconditionals="4" methods="2" coveredmethods="2" elements="14" coveredelements="14" complexity="0" loc="8" ncloc="8" packages="1" files="2" classes="2"/>
    <file name="calculation.ts" path="C:\Users\gleidison.nascimento\Calculadora de IMC\src\calculation.ts">
      <metrics statements="2" coveredstatements="2" conditionals="0" coveredconditionals="0" methods="1" coveredmethods="1"/>
      <line num="1" count="1" type="stmt"/>
      <line num="2" count="2" type="stmt"/>
    </file>
    <file name="levelBMI.ts" path="C:\Users\gleidison.nascimento\Calculadora de IMC\src\levelBMI.ts">
      <metrics statements="6" coveredstatements="6" conditionals="4" coveredconditionals="4" methods="1" coveredmethods="1"/>
      <line num="1" count="1" type="stmt"/>
      <line num="2" count="4" type="stmt"/>
      <line num="4" count="4" type="cond" truecount="1" falsecount="0"/>
      <line num="5" count="3" type="cond" truecount="1" falsecount="0"/>
      <line num="6" count="2" type="cond" truecount="2" falsecount="0"/>
      <line num="8" count="1" type="stmt"/>
    </file>
  </project>
</coverage>
