<?xml version="1.0" encoding="UTF-8"?>
<coverage generated="1691520344996" clover="3.2.0">
  <project timestamp="1691520344996" name="All files">
    <metrics statements="18" coveredstatements="1" conditionals="6" coveredconditionals="0" methods="2" coveredmethods="0" elements="26" coveredelements="1" complexity="0" loc="18" ncloc="18" packages="1" files="1" classes="1"/>
    <file name="script.js" path="C:\Users\gleidison.nascimento\Calculo IMC\src\script.js">
      <metrics statements="18" coveredstatements="1" conditionals="6" coveredconditionals="0" methods="2" coveredmethods="0"/>
      <line num="1" count="1" type="stmt"/>
      <line num="2" count="0" type="stmt"/>
      <line num="3" count="0" type="stmt"/>
      <line num="4" count="0" type="stmt"/>
      <line num="5" count="0" type="stmt"/>
      <line num="6" count="0" type="stmt"/>
      <line num="7" count="0" type="stmt"/>
      <line num="8" count="0" type="stmt"/>
      <line num="9" count="0" type="stmt"/>
      <line num="10" count="0" type="stmt"/>
      <line num="11" count="0" type="cond" truecount="0" falsecount="2"/>
      <line num="12" count="0" type="stmt"/>
      <line num="14" count="0" type="cond" truecount="0" falsecount="2"/>
      <line num="15" count="0" type="stmt"/>
      <line num="17" count="0" type="cond" truecount="0" falsecount="2"/>
      <line num="18" count="0" type="stmt"/>
      <line num="21" count="0" type="stmt"/>
      <line num="23" count="0" type="stmt"/>
    </file>
  </project>
</coverage>
