{"C:\\Users\\gleidison.nascimento\\Calculadora de IMC\\src\\calculation.ts": {"path":"C:\\Users\\gleidison.nascimento\\Calculadora de IMC\\src\\calculation.ts","statementMap":{"0":{"start":{"line":2,"column":4},"end":{"line":2,"column":38}},"1":{"start":{"line":1,"column":0},"end":{"line":1,"column":16}}},"fnMap":{"0":{"name":"calculateBMI","decl":{"start":{"line":1,"column":16},"end":{"line":1,"column":28}},"loc":{"start":{"line":1,"column":59},"end":{"line":3,"column":3}}}},"branchMap":{},"s":{"0":2,"1":1},"f":{"0":2},"b":{}}
,"C:\\Users\\gleidison.nascimento\\Calculadora de IMC\\src\\levelBMI.ts": {"path":"C:\\Users\\gleidison.nascimento\\Calculadora de IMC\\src\\levelBMI.ts","statementMap":{"0":{"start":{"line":2,"column":16},"end":{"line":2,"column":63}},"1":{"start":{"line":4,"column":4},"end":{"line":4,"column":34}},"2":{"start":{"line":4,"column":20},"end":{"line":4,"column":34}},"3":{"start":{"line":5,"column":4},"end":{"line":5,"column":35}},"4":{"start":{"line":5,"column":20},"end":{"line":5,"column":35}},"5":{"start":{"line":6,"column":4},"end":{"line":8,"column":21}},"6":{"start":{"line":6,"column":20},"end":{"line":6,"column":35}},"7":{"start":{"line":8,"column":6},"end":{"line":8,"column":21}},"8":{"start":{"line":1,"column":0},"end":{"line":1,"column":16}}},"fnMap":{"0":{"name":"getBMICategory","decl":{"start":{"line":1,"column":16},"end":{"line":1,"column":30}},"loc":{"start":{"line":1,"column":42},"end":{"line":9,"column":1}}}},"branchMap":{"0":{"loc":{"start":{"line":4,"column":4},"end":{"line":4,"column":34}},"type":"if","locations":[{"start":{"line":4,"column":4},"end":{"line":4,"column":34}}]},"1":{"loc":{"start":{"line":5,"column":4},"end":{"line":5,"column":35}},"type":"if","locations":[{"start":{"line":5,"column":4},"end":{"line":5,"column":35}}]},"2":{"loc":{"start":{"line":6,"column":4},"end":{"line":8,"column":21}},"type":"if","locations":[{"start":{"line":6,"column":4},"end":{"line":8,"column":21}},{"start":{"line":8,"column":6},"end":{"line":8,"column":21}}]}},"s":{"0":4,"1":4,"2":1,"3":3,"4":1,"5":2,"6":1,"7":1,"8":1},"f":{"0":4},"b":{"0":[1],"1":[1],"2":[1,1]}}
}
