{"C:\\Users\\gleidison.nascimento\\Calculo IMC\\src\\script.js": {"path":"C:\\Users\\gleidison.nascimento\\Calculo IMC\\src\\script.js","statementMap":{"0":{"start":{"line":1,"column":0},"end":{"line":25,"column":3}},"1":{"start":{"line":2,"column":26},"end":{"line":2,"column":62}},"2":{"start":{"line":3,"column":22},"end":{"line":3,"column":55}},"3":{"start":{"line":4,"column":22},"end":{"line":4,"column":55}},"4":{"start":{"line":5,"column":20},"end":{"line":5,"column":53}},"5":{"start":{"line":6,"column":4},"end":{"line":24,"column":7}},"6":{"start":{"line":7,"column":21},"end":{"line":7,"column":50}},"7":{"start":{"line":8,"column":21},"end":{"line":8,"column":56}},"8":{"start":{"line":9,"column":18},"end":{"line":9,"column":44}},"9":{"start":{"line":10,"column":23},"end":{"line":10,"column":25}},"10":{"start":{"line":11,"column":8},"end":{"line":22,"column":9}},"11":{"start":{"line":12,"column":12},"end":{"line":12,"column":40}},"12":{"start":{"line":14,"column":13},"end":{"line":22,"column":9}},"13":{"start":{"line":15,"column":12},"end":{"line":15,"column":37}},"14":{"start":{"line":17,"column":13},"end":{"line":22,"column":9}},"15":{"start":{"line":18,"column":12},"end":{"line":18,"column":35}},"16":{"start":{"line":21,"column":12},"end":{"line":21,"column":31}},"17":{"start":{"line":23,"column":8},"end":{"line":23,"column":107}}},"fnMap":{"0":{"name":"(anonymous_0)","decl":{"start":{"line":1,"column":46},"end":{"line":1,"column":47}},"loc":{"start":{"line":1,"column":58},"end":{"line":25,"column":1}},"line":1},"1":{"name":"(anonymous_1)","decl":{"start":{"line":6,"column":46},"end":{"line":6,"column":47}},"loc":{"start":{"line":6,"column":58},"end":{"line":24,"column":5}},"line":6}},"branchMap":{"0":{"loc":{"start":{"line":11,"column":8},"end":{"line":22,"column":9}},"type":"if","locations":[{"start":{"line":11,"column":8},"end":{"line":22,"column":9}},{"start":{"line":14,"column":13},"end":{"line":22,"column":9}}],"line":11},"1":{"loc":{"start":{"line":14,"column":13},"end":{"line":22,"column":9}},"type":"if","locations":[{"start":{"line":14,"column":13},"end":{"line":22,"column":9}},{"start":{"line":17,"column":13},"end":{"line":22,"column":9}}],"line":14},"2":{"loc":{"start":{"line":17,"column":13},"end":{"line":22,"column":9}},"type":"if","locations":[{"start":{"line":17,"column":13},"end":{"line":22,"column":9}},{"start":{"line":20,"column":13},"end":{"line":22,"column":9}}],"line":17}},"s":{"0":1,"1":0,"2":0,"3":0,"4":0,"5":0,"6":0,"7":0,"8":0,"9":0,"10":0,"11":0,"12":0,"13":0,"14":0,"15":0,"16":0,"17":0},"f":{"0":0,"1":0},"b":{"0":[0,0],"1":[0,0],"2":[0,0]},"inputSourceMap":null,"_coverageSchema":"1a1c01bbd47fc00a2c39e90264f33305004495a9","hash":"7d387fd489f878b67d56be87240ed39ce1747a03"}
}
